{"/home/yuri/Documentos/Desafios/transferrerring-balance/src/app.controller.ts": {"path":"/home/yuri/Documentos/Desafios/transferrerring-balance/src/app.controller.ts","statementMap":{"0":{"start":{"line":1,"column":0},"end":{"line":1,"column":49}},"1":{"start":{"line":2,"column":0},"end":{"line":2,"column":43}},"2":{"start":{"line":5,"column":7},"end":{"line":12,"column":null}},"3":{"start":{"line":6,"column":31},"end":{"line":6,"column":43}},"4":{"start":{"line":10,"column":4},"end":{"line":10,"column":38}},"5":{"start":{"line":5,"column":13},"end":{"line":5,"column":26}},"6":{"start":{"line":9,"column":2},"end":{"line":11,"column":null}},"7":{"start":{"line":5,"column":13},"end":{"line":12,"column":null}}},"fnMap":{"0":{"name":"(anonymous_2)","decl":{"start":{"line":6,"column":2},"end":{"line":6,"column":31}},"loc":{"start":{"line":6,"column":53},"end":{"line":6,"column":57}}},"1":{"name":"(anonymous_3)","decl":{"start":{"line":9,"column":2},"end":{"line":9,"column":10}},"loc":{"start":{"line":9,"column":10},"end":{"line":11,"column":3}}}},"branchMap":{},"s":{"0":1,"1":1,"2":1,"3":1,"4":1,"5":1,"6":1,"7":1},"f":{"0":1,"1":1},"b":{}}
,"/home/yuri/Documentos/Desafios/transferrerring-balance/src/app.module.ts": {"path":"/home/yuri/Documentos/Desafios/transferrerring-balance/src/app.module.ts","statementMap":{"0":{"start":{"line":1,"column":0},"end":{"line":1,"column":40}},"1":{"start":{"line":2,"column":0},"end":{"line":2,"column":46}},"2":{"start":{"line":3,"column":0},"end":{"line":3,"column":48}},"3":{"start":{"line":4,"column":0},"end":{"line":4,"column":56}},"4":{"start":{"line":5,"column":0},"end":{"line":5,"column":51}},"5":{"start":{"line":6,"column":0},"end":{"line":6,"column":48}},"6":{"start":{"line":7,"column":0},"end":{"line":7,"column":54}},"7":{"start":{"line":8,"column":0},"end":{"line":8,"column":62}},"8":{"start":{"line":9,"column":0},"end":{"line":9,"column":65}},"9":{"start":{"line":21,"column":7},"end":{"line":21,"column":null}},"10":{"start":{"line":21,"column":13},"end":{"line":21,"column":22}},"11":{"start":{"line":21,"column":13},"end":{"line":21,"column":null}}},"fnMap":{},"branchMap":{},"s":{"0":0,"1":0,"2":0,"3":0,"4":0,"5":0,"6":0,"7":0,"8":0,"9":0,"10":0,"11":0},"f":{},"b":{}}
,"/home/yuri/Documentos/Desafios/transferrerring-balance/src/app.service.ts": {"path":"/home/yuri/Documentos/Desafios/transferrerring-balance/src/app.service.ts","statementMap":{"0":{"start":{"line":1,"column":0},"end":{"line":1,"column":44}},"1":{"start":{"line":4,"column":7},"end":{"line":8,"column":null}},"2":{"start":{"line":6,"column":4},"end":{"line":6,"column":26}},"3":{"start":{"line":4,"column":13},"end":{"line":4,"column":23}},"4":{"start":{"line":4,"column":13},"end":{"line":8,"column":null}}},"fnMap":{"0":{"name":"(anonymous_1)","decl":{"start":{"line":5,"column":2},"end":{"line":5,"column":10}},"loc":{"start":{"line":5,"column":10},"end":{"line":7,"column":3}}}},"branchMap":{},"s":{"0":1,"1":1,"2":1,"3":1,"4":1},"f":{"0":1},"b":{}}
,"/home/yuri/Documentos/Desafios/transferrerring-balance/src/auth/auth.controller.ts": {"path":"/home/yuri/Documentos/Desafios/transferrerring-balance/src/auth/auth.controller.ts","statementMap":{"0":{"start":{"line":1,"column":0},"end":{"line":1,"column":56}},"1":{"start":{"line":2,"column":0},"end":{"line":2,"column":57}},"2":{"start":{"line":3,"column":0},"end":{"line":3,"column":45}},"3":{"start":{"line":4,"column":0},"end":{"line":4,"column":43}},"4":{"start":{"line":8,"column":7},"end":{"line":17,"column":null}},"5":{"start":{"line":9,"column":31},"end":{"line":9,"column":40}},"6":{"start":{"line":14,"column":17},"end":{"line":14,"column":73}},"7":{"start":{"line":15,"column":4},"end":{"line":15,"column":36}},"8":{"start":{"line":8,"column":13},"end":{"line":8,"column":27}},"9":{"start":{"line":13,"column":8},"end":{"line":16,"column":null}},"10":{"start":{"line":8,"column":13},"end":{"line":17,"column":null}}},"fnMap":{"0":{"name":"(anonymous_4)","decl":{"start":{"line":9,"column":2},"end":{"line":9,"column":31}},"loc":{"start":{"line":9,"column":51},"end":{"line":9,"column":55}}},"1":{"name":"(anonymous_5)","decl":{"start":{"line":13,"column":2},"end":{"line":13,"column":7}},"loc":{"start":{"line":13,"column":35},"end":{"line":16,"column":3}}}},"branchMap":{},"s":{"0":0,"1":0,"2":0,"3":0,"4":0,"5":0,"6":0,"7":0,"8":0,"9":0,"10":0},"f":{"0":0,"1":0},"b":{}}
,"/home/yuri/Documentos/Desafios/transferrerring-balance/src/auth/auth.module.ts": {"path":"/home/yuri/Documentos/Desafios/transferrerring-balance/src/auth/auth.module.ts","statementMap":{"0":{"start":{"line":1,"column":0},"end":{"line":1,"column":40}},"1":{"start":{"line":2,"column":0},"end":{"line":2,"column":40}},"2":{"start":{"line":3,"column":0},"end":{"line":3,"column":50}},"3":{"start":{"line":4,"column":0},"end":{"line":4,"column":52}},"4":{"start":{"line":5,"column":0},"end":{"line":5,"column":45}},"5":{"start":{"line":6,"column":0},"end":{"line":6,"column":45}},"6":{"start":{"line":7,"column":0},"end":{"line":7,"column":51}},"7":{"start":{"line":18,"column":7},"end":{"line":18,"column":null}},"8":{"start":{"line":18,"column":13},"end":{"line":18,"column":23}},"9":{"start":{"line":18,"column":13},"end":{"line":18,"column":null}}},"fnMap":{},"branchMap":{},"s":{"0":0,"1":0,"2":0,"3":0,"4":0,"5":0,"6":0,"7":0,"8":0,"9":0},"f":{},"b":{}}
,"/home/yuri/Documentos/Desafios/transferrerring-balance/src/auth/auth.service.ts": {"path":"/home/yuri/Documentos/Desafios/transferrerring-balance/src/auth/auth.service.ts","statementMap":{"0":{"start":{"line":1,"column":0},"end":{"line":1,"column":67}},"1":{"start":{"line":2,"column":0},"end":{"line":2,"column":54}},"2":{"start":{"line":3,"column":0},"end":{"line":3,"column":35}},"3":{"start":{"line":4,"column":0},"end":{"line":4,"column":41}},"4":{"start":{"line":8,"column":7},"end":{"line":33,"column":null}},"5":{"start":{"line":10,"column":21},"end":{"line":10,"column":28}},"6":{"start":{"line":11,"column":21},"end":{"line":11,"column":26}},"7":{"start":{"line":15,"column":17},"end":{"line":15,"column":64}},"8":{"start":{"line":16,"column":4},"end":{"line":16,"column":72}},"9":{"start":{"line":16,"column":15},"end":{"line":16,"column":72}},"10":{"start":{"line":18,"column":15},"end":{"line":18,"column":69}},"11":{"start":{"line":19,"column":4},"end":{"line":19,"column":70}},"12":{"start":{"line":19,"column":13},"end":{"line":19,"column":70}},"13":{"start":{"line":21,"column":4},"end":{"line":21,"column":16}},"14":{"start":{"line":25,"column":20},"end":{"line":25,"column":55}},"15":{"start":{"line":26,"column":4},"end":{"line":31,"column":6}},"16":{"start":{"line":8,"column":13},"end":{"line":8,"column":24}},"17":{"start":{"line":8,"column":13},"end":{"line":33,"column":null}}},"fnMap":{"0":{"name":"(anonymous_2)","decl":{"start":{"line":9,"column":2},"end":{"line":9,"column":null}},"loc":{"start":{"line":11,"column":36},"end":{"line":12,"column":6}}},"1":{"name":"(anonymous_3)","decl":{"start":{"line":14,"column":2},"end":{"line":14,"column":7}},"loc":{"start":{"line":14,"column":52},"end":{"line":22,"column":3}}},"2":{"name":"(anonymous_4)","decl":{"start":{"line":24,"column":2},"end":{"line":24,"column":7}},"loc":{"start":{"line":24,"column":24},"end":{"line":32,"column":3}}}},"branchMap":{"0":{"loc":{"start":{"line":16,"column":4},"end":{"line":16,"column":72}},"type":"if","locations":[{"start":{"line":16,"column":4},"end":{"line":16,"column":72}}]},"1":{"loc":{"start":{"line":19,"column":4},"end":{"line":19,"column":70}},"type":"if","locations":[{"start":{"line":19,"column":4},"end":{"line":19,"column":70}}]},"2":{"loc":{"start":{"line":28,"column":16},"end":{"line":28,"column":50}},"type":"binary-expr","locations":[{"start":{"line":28,"column":16},"end":{"line":28,"column":38}},{"start":{"line":28,"column":42},"end":{"line":28,"column":50}}]},"3":{"loc":{"start":{"line":29,"column":19},"end":{"line":29,"column":50}},"type":"binary-expr","locations":[{"start":{"line":29,"column":19},"end":{"line":29,"column":42}},{"start":{"line":29,"column":46},"end":{"line":29,"column":50}}]}},"s":{"0":0,"1":0,"2":0,"3":0,"4":0,"5":0,"6":0,"7":0,"8":0,"9":0,"10":0,"11":0,"12":0,"13":0,"14":0,"15":0,"16":0,"17":0},"f":{"0":0,"1":0,"2":0},"b":{"0":[0],"1":[0],"2":[0,0],"3":[0,0]}}
,"/home/yuri/Documentos/Desafios/transferrerring-balance/src/auth/jwt.strategy.ts": {"path":"/home/yuri/Documentos/Desafios/transferrerring-balance/src/auth/jwt.strategy.ts","statementMap":{"0":{"start":{"line":1,"column":0},"end":{"line":1,"column":44}},"1":{"start":{"line":2,"column":0},"end":{"line":2,"column":52}},"2":{"start":{"line":3,"column":0},"end":{"line":3,"column":52}},"3":{"start":{"line":6,"column":7},"end":{"line":18,"column":null}},"4":{"start":{"line":8,"column":4},"end":{"line":12,"column":7}},"5":{"start":{"line":16,"column":4},"end":{"line":16,"column":57}},"6":{"start":{"line":6,"column":13},"end":{"line":6,"column":24}},"7":{"start":{"line":6,"column":13},"end":{"line":18,"column":null}}},"fnMap":{"0":{"name":"(anonymous_2)","decl":{"start":{"line":7,"column":2},"end":{"line":7,"column":null}},"loc":{"start":{"line":7,"column":2},"end":{"line":13,"column":3}}},"1":{"name":"(anonymous_3)","decl":{"start":{"line":15,"column":2},"end":{"line":15,"column":7}},"loc":{"start":{"line":15,"column":29},"end":{"line":17,"column":3}}}},"branchMap":{"0":{"loc":{"start":{"line":9,"column":19},"end":{"line":9,"column":53}},"type":"binary-expr","locations":[{"start":{"line":9,"column":19},"end":{"line":9,"column":41}},{"start":{"line":9,"column":45},"end":{"line":9,"column":53}}]}},"s":{"0":0,"1":0,"2":0,"3":0,"4":0,"5":0,"6":0,"7":0},"f":{"0":0,"1":0},"b":{"0":[0,0]}}
,"/home/yuri/Documentos/Desafios/transferrerring-balance/src/auth/dto/login.dto.ts": {"path":"/home/yuri/Documentos/Desafios/transferrerring-balance/src/auth/dto/login.dto.ts","statementMap":{"0":{"start":{"line":1,"column":0},"end":{"line":1,"column":46}},"1":{"start":{"line":2,"column":0},"end":{"line":2,"column":63}},"2":{"start":{"line":4,"column":0},"end":{"line":4,"column":13}},"3":{"start":{"line":7,"column":2},"end":{"line":7,"column":null}},"4":{"start":{"line":12,"column":2},"end":{"line":12,"column":null}}},"fnMap":{},"branchMap":{},"s":{"0":0,"1":0,"2":0,"3":0,"4":0},"f":{},"b":{}}
,"/home/yuri/Documentos/Desafios/transferrerring-balance/src/common/filters/all-exceptions.filter.ts": {"path":"/home/yuri/Documentos/Desafios/transferrerring-balance/src/common/filters/all-exceptions.filter.ts","statementMap":{"0":{"start":{"line":1,"column":0},"end":{"line":1,"column":106}},"1":{"start":{"line":5,"column":32},"end":{"line":34,"column":null}},"2":{"start":{"line":6,"column":19},"end":{"line":6,"column":65}},"3":{"start":{"line":9,"column":16},"end":{"line":9,"column":35}},"4":{"start":{"line":10,"column":16},"end":{"line":10,"column":43}},"5":{"start":{"line":11,"column":16},"end":{"line":11,"column":41}},"6":{"start":{"line":14,"column":6},"end":{"line":16,"column":42}},"7":{"start":{"line":19,"column":6},"end":{"line":21,"column":33}},"8":{"start":{"line":23,"column":4},"end":{"line":25,"column":6}},"9":{"start":{"line":27,"column":4},"end":{"line":32,"column":7}},"10":{"start":{"line":5,"column":13},"end":{"line":5,"column":32}},"11":{"start":{"line":5,"column":13},"end":{"line":34,"column":null}}},"fnMap":{"0":{"name":"(anonymous_1)","decl":{"start":{"line":5,"column":7},"end":{"line":5,"column":13}},"loc":{"start":{"line":5,"column":7},"end":{"line":34,"column":1}}},"1":{"name":"(anonymous_2)","decl":{"start":{"line":8,"column":2},"end":{"line":8,"column":7}},"loc":{"start":{"line":8,"column":47},"end":{"line":33,"column":3}}}},"branchMap":{"0":{"loc":{"start":{"line":14,"column":6},"end":{"line":16,"column":42}},"type":"cond-expr","locations":[{"start":{"line":15,"column":10},"end":{"line":15,"column":31}},{"start":{"line":16,"column":10},"end":{"line":16,"column":42}}]},"1":{"loc":{"start":{"line":19,"column":6},"end":{"line":21,"column":33}},"type":"cond-expr","locations":[{"start":{"line":20,"column":11},"end":{"line":20,"column":42}},{"start":{"line":21,"column":10},"end":{"line":21,"column":33}}]}},"s":{"0":0,"1":0,"2":0,"3":0,"4":0,"5":0,"6":0,"7":0,"8":0,"9":0,"10":0,"11":0},"f":{"0":0,"1":0},"b":{"0":[0,0],"1":[0,0]}}
,"/home/yuri/Documentos/Desafios/transferrerring-balance/src/common/interceptors/http-logging.interceptor.ts": {"path":"/home/yuri/Documentos/Desafios/transferrerring-balance/src/common/interceptors/http-logging.interceptor.ts","statementMap":{"0":{"start":{"line":1,"column":0},"end":{"line":1,"column":100}},"1":{"start":{"line":2,"column":0},"end":{"line":2,"column":39}},"2":{"start":{"line":5,"column":35},"end":{"line":18,"column":null}},"3":{"start":{"line":6,"column":19},"end":{"line":6,"column":68}},"4":{"start":{"line":9,"column":16},"end":{"line":9,"column":67}},"5":{"start":{"line":10,"column":18},"end":{"line":10,"column":28}},"6":{"start":{"line":11,"column":4},"end":{"line":16,"column":6}},"7":{"start":{"line":13,"column":19},"end":{"line":13,"column":37}},"8":{"start":{"line":14,"column":8},"end":{"line":14,"column":62}},"9":{"start":{"line":5,"column":13},"end":{"line":5,"column":35}},"10":{"start":{"line":5,"column":13},"end":{"line":18,"column":null}}},"fnMap":{"0":{"name":"(anonymous_1)","decl":{"start":{"line":5,"column":7},"end":{"line":5,"column":13}},"loc":{"start":{"line":5,"column":7},"end":{"line":18,"column":1}}},"1":{"name":"(anonymous_2)","decl":{"start":{"line":8,"column":2},"end":{"line":8,"column":11}},"loc":{"start":{"line":8,"column":56},"end":{"line":17,"column":3}}},"2":{"name":"(anonymous_3)","decl":{"start":{"line":12,"column":10},"end":{"line":12,"column":13}},"loc":{"start":{"line":12,"column":15},"end":{"line":15,"column":7}}}},"branchMap":{},"s":{"0":0,"1":0,"2":0,"3":0,"4":0,"5":0,"6":0,"7":0,"8":0,"9":0,"10":0},"f":{"0":0,"1":0,"2":0},"b":{}}
,"/home/yuri/Documentos/Desafios/transferrerring-balance/src/config/typeorm.config.ts": {"path":"/home/yuri/Documentos/Desafios/transferrerring-balance/src/config/typeorm.config.ts","statementMap":{"0":{"start":{"line":2,"column":0},"end":{"line":2,"column":44}},"1":{"start":{"line":3,"column":0},"end":{"line":3,"column":59}},"2":{"start":{"line":5,"column":29},"end":{"line":15,"column":2}},"3":{"start":{"line":5,"column":73},"end":{"line":15,"column":2}},"4":{"start":{"line":5,"column":13},"end":{"line":5,"column":29}}},"fnMap":{"0":{"name":"(anonymous_0)","decl":{"start":{"line":5,"column":29},"end":{"line":5,"column":34}},"loc":{"start":{"line":5,"column":73},"end":{"line":15,"column":2}}}},"branchMap":{"0":{"loc":{"start":{"line":7,"column":8},"end":{"line":7,"column":42}},"type":"binary-expr","locations":[{"start":{"line":7,"column":8},"end":{"line":7,"column":27}},{"start":{"line":7,"column":31},"end":{"line":7,"column":42}}]},"1":{"loc":{"start":{"line":8,"column":15},"end":{"line":8,"column":42}},"type":"binary-expr","locations":[{"start":{"line":8,"column":15},"end":{"line":8,"column":34}},{"start":{"line":8,"column":38},"end":{"line":8,"column":42}}]},"2":{"loc":{"start":{"line":9,"column":12},"end":{"line":9,"column":41}},"type":"binary-expr","locations":[{"start":{"line":9,"column":12},"end":{"line":9,"column":31}},{"start":{"line":9,"column":35},"end":{"line":9,"column":41}}]},"3":{"loc":{"start":{"line":10,"column":12},"end":{"line":10,"column":41}},"type":"binary-expr","locations":[{"start":{"line":10,"column":12},"end":{"line":10,"column":31}},{"start":{"line":10,"column":35},"end":{"line":10,"column":41}}]},"4":{"loc":{"start":{"line":11,"column":12},"end":{"line":11,"column":43}},"type":"binary-expr","locations":[{"start":{"line":11,"column":12},"end":{"line":11,"column":31}},{"start":{"line":11,"column":35},"end":{"line":11,"column":43}}]}},"s":{"0":0,"1":0,"2":0,"3":0,"4":0},"f":{"0":0},"b":{"0":[0,0],"1":[0,0],"2":[0,0],"3":[0,0],"4":[0,0]}}
,"/home/yuri/Documentos/Desafios/transferrerring-balance/src/health/health.controller.ts": {"path":"/home/yuri/Documentos/Desafios/transferrerring-balance/src/health/health.controller.ts","statementMap":{"0":{"start":{"line":1,"column":0},"end":{"line":1,"column":49}},"1":{"start":{"line":4,"column":7},"end":{"line":9,"column":null}},"2":{"start":{"line":7,"column":4},"end":{"line":7,"column":65}},"3":{"start":{"line":4,"column":13},"end":{"line":4,"column":29}},"4":{"start":{"line":6,"column":2},"end":{"line":8,"column":null}},"5":{"start":{"line":4,"column":13},"end":{"line":9,"column":null}}},"fnMap":{"0":{"name":"(anonymous_2)","decl":{"start":{"line":6,"column":2},"end":{"line":6,"column":4}},"loc":{"start":{"line":6,"column":4},"end":{"line":8,"column":3}}}},"branchMap":{},"s":{"0":0,"1":0,"2":0,"3":0,"4":0,"5":0},"f":{"0":0},"b":{}}
,"/home/yuri/Documentos/Desafios/transferrerring-balance/src/metrics/metrics.controller.ts": {"path":"/home/yuri/Documentos/Desafios/transferrerring-balance/src/metrics/metrics.controller.ts","statementMap":{"0":{"start":{"line":1,"column":0},"end":{"line":1,"column":57}},"1":{"start":{"line":2,"column":0},"end":{"line":2,"column":62}},"2":{"start":{"line":4,"column":0},"end":{"line":4,"column":49}},"3":{"start":{"line":7,"column":7},"end":{"line":13,"column":null}},"4":{"start":{"line":11,"column":4},"end":{"line":11,"column":36}},"5":{"start":{"line":7,"column":13},"end":{"line":7,"column":30}},"6":{"start":{"line":10,"column":8},"end":{"line":12,"column":null}},"7":{"start":{"line":7,"column":13},"end":{"line":13,"column":null}}},"fnMap":{"0":{"name":"(anonymous_2)","decl":{"start":{"line":10,"column":2},"end":{"line":10,"column":7}},"loc":{"start":{"line":10,"column":15},"end":{"line":12,"column":3}}}},"branchMap":{},"s":{"0":0,"1":0,"2":0,"3":0,"4":0,"5":0,"6":0,"7":0},"f":{"0":0},"b":{}}
,"/home/yuri/Documentos/Desafios/transferrerring-balance/src/users/user.entity.ts": {"path":"/home/yuri/Documentos/Desafios/transferrerring-balance/src/users/user.entity.ts","statementMap":{"0":{"start":{"line":1,"column":0},"end":{"line":1,"column":120}},"1":{"start":{"line":2,"column":0},"end":{"line":2,"column":59}},"2":{"start":{"line":6,"column":7},"end":{"line":36,"column":null}},"3":{"start":{"line":6,"column":13},"end":{"line":6,"column":17}},"4":{"start":{"line":8,"column":2},"end":{"line":8,"column":null}},"5":{"start":{"line":11,"column":2},"end":{"line":11,"column":null}},"6":{"start":{"line":14,"column":2},"end":{"line":14,"column":null}},"7":{"start":{"line":17,"column":2},"end":{"line":17,"column":null}},"8":{"start":{"line":20,"column":2},"end":{"line":20,"column":null}},"9":{"start":{"line":23,"column":2},"end":{"line":23,"column":null}},"10":{"start":{"line":26,"column":2},"end":{"line":26,"column":null}},"11":{"start":{"line":25,"column":19},"end":{"line":25,"column":30}},"12":{"start":{"line":25,"column":39},"end":{"line":25,"column":49}},"13":{"start":{"line":29,"column":2},"end":{"line":29,"column":null}},"14":{"start":{"line":28,"column":19},"end":{"line":28,"column":30}},"15":{"start":{"line":28,"column":39},"end":{"line":28,"column":47}},"16":{"start":{"line":32,"column":2},"end":{"line":32,"column":null}},"17":{"start":{"line":35,"column":2},"end":{"line":35,"column":null}},"18":{"start":{"line":6,"column":13},"end":{"line":36,"column":null}}},"fnMap":{"0":{"name":"(anonymous_2)","decl":{"start":{"line":25,"column":13},"end":{"line":25,"column":16}},"loc":{"start":{"line":25,"column":19},"end":{"line":25,"column":30}}},"1":{"name":"(anonymous_3)","decl":{"start":{"line":25,"column":32},"end":{"line":25,"column":33}},"loc":{"start":{"line":25,"column":39},"end":{"line":25,"column":49}}},"2":{"name":"(anonymous_4)","decl":{"start":{"line":28,"column":13},"end":{"line":28,"column":16}},"loc":{"start":{"line":28,"column":19},"end":{"line":28,"column":30}}},"3":{"name":"(anonymous_5)","decl":{"start":{"line":28,"column":32},"end":{"line":28,"column":33}},"loc":{"start":{"line":28,"column":39},"end":{"line":28,"column":47}}}},"branchMap":{},"s":{"0":1,"1":1,"2":1,"3":1,"4":1,"5":1,"6":1,"7":1,"8":1,"9":1,"10":1,"11":0,"12":0,"13":1,"14":0,"15":0,"16":1,"17":1,"18":1},"f":{"0":0,"1":0,"2":0,"3":0},"b":{}}
,"/home/yuri/Documentos/Desafios/transferrerring-balance/src/users/users.controller.ts": {"path":"/home/yuri/Documentos/Desafios/transferrerring-balance/src/users/users.controller.ts","statementMap":{"0":{"start":{"line":1,"column":0},"end":{"line":1,"column":61}},"1":{"start":{"line":2,"column":0},"end":{"line":2,"column":47}},"2":{"start":{"line":3,"column":0},"end":{"line":3,"column":54}},"3":{"start":{"line":4,"column":0},"end":{"line":4,"column":77}},"4":{"start":{"line":5,"column":0},"end":{"line":5,"column":37}},"5":{"start":{"line":9,"column":7},"end":{"line":26,"column":null}},"6":{"start":{"line":10,"column":31},"end":{"line":10,"column":40}},"7":{"start":{"line":15,"column":14},"end":{"line":15,"column":44}},"8":{"start":{"line":17,"column":34},"end":{"line":17,"column":42}},"9":{"start":{"line":18,"column":4},"end":{"line":18,"column":16}},"10":{"start":{"line":24,"column":4},"end":{"line":24,"column":31}},"11":{"start":{"line":9,"column":13},"end":{"line":9,"column":28}},"12":{"start":{"line":14,"column":8},"end":{"line":19,"column":null}},"13":{"start":{"line":23,"column":8},"end":{"line":25,"column":null}},"14":{"start":{"line":9,"column":13},"end":{"line":26,"column":null}}},"fnMap":{"0":{"name":"(anonymous_4)","decl":{"start":{"line":10,"column":2},"end":{"line":10,"column":31}},"loc":{"start":{"line":10,"column":52},"end":{"line":10,"column":56}}},"1":{"name":"(anonymous_5)","decl":{"start":{"line":14,"column":2},"end":{"line":14,"column":7}},"loc":{"start":{"line":14,"column":41},"end":{"line":19,"column":3}}},"2":{"name":"(anonymous_6)","decl":{"start":{"line":23,"column":2},"end":{"line":23,"column":7}},"loc":{"start":{"line":23,"column":12},"end":{"line":25,"column":3}}}},"branchMap":{},"s":{"0":0,"1":0,"2":0,"3":0,"4":0,"5":0,"6":0,"7":0,"8":0,"9":0,"10":0,"11":0,"12":0,"13":0,"14":0},"f":{"0":0,"1":0,"2":0},"b":{}}
,"/home/yuri/Documentos/Desafios/transferrerring-balance/src/users/users.module.ts": {"path":"/home/yuri/Documentos/Desafios/transferrerring-balance/src/users/users.module.ts","statementMap":{"0":{"start":{"line":1,"column":0},"end":{"line":1,"column":40}},"1":{"start":{"line":2,"column":0},"end":{"line":2,"column":48}},"2":{"start":{"line":3,"column":0},"end":{"line":3,"column":47}},"3":{"start":{"line":4,"column":0},"end":{"line":4,"column":53}},"4":{"start":{"line":5,"column":0},"end":{"line":5,"column":37}},"5":{"start":{"line":13,"column":7},"end":{"line":13,"column":null}},"6":{"start":{"line":13,"column":13},"end":{"line":13,"column":24}},"7":{"start":{"line":13,"column":13},"end":{"line":13,"column":null}}},"fnMap":{},"branchMap":{},"s":{"0":0,"1":0,"2":0,"3":0,"4":0,"5":0,"6":0,"7":0},"f":{},"b":{}}
,"/home/yuri/Documentos/Desafios/transferrerring-balance/src/users/users.service.ts": {"path":"/home/yuri/Documentos/Desafios/transferrerring-balance/src/users/users.service.ts","statementMap":{"0":{"start":{"line":1,"column":0},"end":{"line":1,"column":103}},"1":{"start":{"line":2,"column":0},"end":{"line":2,"column":51}},"2":{"start":{"line":3,"column":0},"end":{"line":3,"column":37}},"3":{"start":{"line":4,"column":0},"end":{"line":4,"column":37}},"4":{"start":{"line":6,"column":0},"end":{"line":6,"column":35}},"5":{"start":{"line":9,"column":7},"end":{"line":51,"column":null}},"6":{"start":{"line":10,"column":55},"end":{"line":10,"column":61}},"7":{"start":{"line":13,"column":19},"end":{"line":13,"column":75}},"8":{"start":{"line":14,"column":4},"end":{"line":14,"column":68}},"9":{"start":{"line":14,"column":16},"end":{"line":14,"column":68}},"10":{"start":{"line":16,"column":4},"end":{"line":21,"column":5}},"11":{"start":{"line":17,"column":29},"end":{"line":17,"column":82}},"12":{"start":{"line":18,"column":6},"end":{"line":20,"column":7}},"13":{"start":{"line":19,"column":8},"end":{"line":19,"column":105}},"14":{"start":{"line":23,"column":25},"end":{"line":23,"column":60}},"15":{"start":{"line":24,"column":14},"end":{"line":30,"column":6}},"16":{"start":{"line":31,"column":4},"end":{"line":31,"column":29}},"17":{"start":{"line":35,"column":4},"end":{"line":39,"column":16}},"18":{"start":{"line":43,"column":14},"end":{"line":43,"column":56}},"19":{"start":{"line":44,"column":4},"end":{"line":44,"column":66}},"20":{"start":{"line":44,"column":12},"end":{"line":44,"column":66}},"21":{"start":{"line":45,"column":4},"end":{"line":45,"column":13}},"22":{"start":{"line":49,"column":4},"end":{"line":49,"column":28}},"23":{"start":{"line":9,"column":13},"end":{"line":9,"column":25}},"24":{"start":{"line":9,"column":13},"end":{"line":51,"column":null}}},"fnMap":{"0":{"name":"(anonymous_4)","decl":{"start":{"line":10,"column":2},"end":{"line":10,"column":15}},"loc":{"start":{"line":10,"column":77},"end":{"line":10,"column":81}}},"1":{"name":"(anonymous_5)","decl":{"start":{"line":12,"column":2},"end":{"line":12,"column":7}},"loc":{"start":{"line":12,"column":33},"end":{"line":32,"column":3}}},"2":{"name":"(anonymous_6)","decl":{"start":{"line":34,"column":2},"end":{"line":34,"column":7}},"loc":{"start":{"line":34,"column":45},"end":{"line":40,"column":3}}},"3":{"name":"(anonymous_7)","decl":{"start":{"line":42,"column":2},"end":{"line":42,"column":7}},"loc":{"start":{"line":42,"column":27},"end":{"line":46,"column":3}}},"4":{"name":"(anonymous_8)","decl":{"start":{"line":48,"column":2},"end":{"line":48,"column":7}},"loc":{"start":{"line":48,"column":12},"end":{"line":50,"column":3}}}},"branchMap":{"0":{"loc":{"start":{"line":14,"column":4},"end":{"line":14,"column":68}},"type":"if","locations":[{"start":{"line":14,"column":4},"end":{"line":14,"column":68}}]},"1":{"loc":{"start":{"line":16,"column":4},"end":{"line":21,"column":5}},"type":"if","locations":[{"start":{"line":16,"column":4},"end":{"line":21,"column":5}}]},"2":{"loc":{"start":{"line":18,"column":6},"end":{"line":20,"column":7}},"type":"if","locations":[{"start":{"line":18,"column":6},"end":{"line":20,"column":7}}]},"3":{"loc":{"start":{"line":28,"column":16},"end":{"line":28,"column":39}},"type":"binary-expr","locations":[{"start":{"line":28,"column":16},"end":{"line":28,"column":34}},{"start":{"line":28,"column":38},"end":{"line":28,"column":39}}]},"4":{"loc":{"start":{"line":44,"column":4},"end":{"line":44,"column":66}},"type":"if","locations":[{"start":{"line":44,"column":4},"end":{"line":44,"column":66}}]}},"s":{"0":1,"1":1,"2":1,"3":1,"4":1,"5":1,"6":1,"7":1,"8":1,"9":1,"10":0,"11":0,"12":0,"13":0,"14":0,"15":0,"16":0,"17":0,"18":0,"19":0,"20":0,"21":0,"22":0,"23":1,"24":1},"f":{"0":1,"1":1,"2":0,"3":0,"4":0},"b":{"0":[1],"1":[0],"2":[0],"3":[0,0],"4":[0]}}
,"/home/yuri/Documentos/Desafios/transferrerring-balance/src/users/dto/create-user.dto.ts": {"path":"/home/yuri/Documentos/Desafios/transferrerring-balance/src/users/dto/create-user.dto.ts","statementMap":{"0":{"start":{"line":1,"column":0},"end":{"line":1,"column":46}},"1":{"start":{"line":2,"column":0},"end":{"line":2,"column":98}},"2":{"start":{"line":4,"column":0},"end":{"line":4,"column":13}},"3":{"start":{"line":8,"column":2},"end":{"line":8,"column":null}},"4":{"start":{"line":12,"column":2},"end":{"line":12,"column":null}},"5":{"start":{"line":17,"column":2},"end":{"line":17,"column":null}},"6":{"start":{"line":21,"column":2},"end":{"line":21,"column":null}},"7":{"start":{"line":30,"column":2},"end":{"line":30,"column":null}}},"fnMap":{},"branchMap":{},"s":{"0":0,"1":0,"2":0,"3":0,"4":0,"5":0,"6":0,"7":0},"f":{},"b":{}}
,"/home/yuri/Documentos/Desafios/transferrerring-balance/src/wallet/transaction.entity.ts": {"path":"/home/yuri/Documentos/Desafios/transferrerring-balance/src/wallet/transaction.entity.ts","statementMap":{"0":{"start":{"line":1,"column":0},"end":{"line":1,"column":null}},"1":{"start":{"line":11,"column":0},"end":{"line":11,"column":44}},"2":{"start":{"line":17,"column":7},"end":{"line":48,"column":null}},"3":{"start":{"line":17,"column":13},"end":{"line":17,"column":24}},"4":{"start":{"line":19,"column":2},"end":{"line":19,"column":null}},"5":{"start":{"line":23,"column":2},"end":{"line":23,"column":null}},"6":{"start":{"line":21,"column":19},"end":{"line":21,"column":23}},"7":{"start":{"line":21,"column":32},"end":{"line":21,"column":42}},"8":{"start":{"line":27,"column":2},"end":{"line":27,"column":null}},"9":{"start":{"line":25,"column":19},"end":{"line":25,"column":23}},"10":{"start":{"line":25,"column":32},"end":{"line":25,"column":42}},"11":{"start":{"line":30,"column":2},"end":{"line":30,"column":null}},"12":{"start":{"line":34,"column":2},"end":{"line":34,"column":null}},"13":{"start":{"line":38,"column":2},"end":{"line":38,"column":null}},"14":{"start":{"line":41,"column":2},"end":{"line":41,"column":null}},"15":{"start":{"line":44,"column":2},"end":{"line":44,"column":null}},"16":{"start":{"line":47,"column":2},"end":{"line":47,"column":null}},"17":{"start":{"line":17,"column":13},"end":{"line":48,"column":null}}},"fnMap":{"0":{"name":"(anonymous_2)","decl":{"start":{"line":21,"column":13},"end":{"line":21,"column":16}},"loc":{"start":{"line":21,"column":19},"end":{"line":21,"column":23}}},"1":{"name":"(anonymous_3)","decl":{"start":{"line":21,"column":25},"end":{"line":21,"column":26}},"loc":{"start":{"line":21,"column":32},"end":{"line":21,"column":42}}},"2":{"name":"(anonymous_4)","decl":{"start":{"line":25,"column":13},"end":{"line":25,"column":16}},"loc":{"start":{"line":25,"column":19},"end":{"line":25,"column":23}}},"3":{"name":"(anonymous_5)","decl":{"start":{"line":25,"column":25},"end":{"line":25,"column":26}},"loc":{"start":{"line":25,"column":32},"end":{"line":25,"column":42}}}},"branchMap":{},"s":{"0":1,"1":1,"2":1,"3":1,"4":1,"5":1,"6":0,"7":0,"8":1,"9":0,"10":0,"11":1,"12":1,"13":1,"14":1,"15":1,"16":1,"17":1},"f":{"0":0,"1":0,"2":0,"3":0},"b":{}}
,"/home/yuri/Documentos/Desafios/transferrerring-balance/src/wallet/wallet.controller.ts": {"path":"/home/yuri/Documentos/Desafios/transferrerring-balance/src/wallet/wallet.controller.ts","statementMap":{"0":{"start":{"line":1,"column":0},"end":{"line":1,"column":98}},"1":{"start":{"line":2,"column":0},"end":{"line":2,"column":72}},"2":{"start":{"line":3,"column":0},"end":{"line":3,"column":49}},"3":{"start":{"line":4,"column":0},"end":{"line":4,"column":49}},"4":{"start":{"line":5,"column":0},"end":{"line":5,"column":49}},"5":{"start":{"line":6,"column":0},"end":{"line":6,"column":49}},"6":{"start":{"line":7,"column":0},"end":{"line":7,"column":45}},"7":{"start":{"line":13,"column":7},"end":{"line":50,"column":null}},"8":{"start":{"line":14,"column":31},"end":{"line":14,"column":40}},"9":{"start":{"line":22,"column":15},"end":{"line":22,"column":101}},"10":{"start":{"line":23,"column":4},"end":{"line":23,"column":14}},"11":{"start":{"line":32,"column":15},"end":{"line":32,"column":87}},"12":{"start":{"line":33,"column":4},"end":{"line":33,"column":14}},"13":{"start":{"line":42,"column":4},"end":{"line":42,"column":76}},"14":{"start":{"line":48,"column":4},"end":{"line":48,"column":43}},"15":{"start":{"line":13,"column":13},"end":{"line":13,"column":29}},"16":{"start":{"line":21,"column":8},"end":{"line":24,"column":null}},"17":{"start":{"line":31,"column":8},"end":{"line":34,"column":null}},"18":{"start":{"line":41,"column":8},"end":{"line":43,"column":null}},"19":{"start":{"line":47,"column":8},"end":{"line":49,"column":null}},"20":{"start":{"line":13,"column":13},"end":{"line":50,"column":null}}},"fnMap":{"0":{"name":"(anonymous_4)","decl":{"start":{"line":14,"column":2},"end":{"line":14,"column":31}},"loc":{"start":{"line":14,"column":53},"end":{"line":14,"column":58}}},"1":{"name":"(anonymous_5)","decl":{"start":{"line":21,"column":2},"end":{"line":21,"column":7}},"loc":{"start":{"line":21,"column":58},"end":{"line":24,"column":3}}},"2":{"name":"(anonymous_6)","decl":{"start":{"line":31,"column":2},"end":{"line":31,"column":7}},"loc":{"start":{"line":31,"column":58},"end":{"line":34,"column":3}}},"3":{"name":"(anonymous_7)","decl":{"start":{"line":41,"column":2},"end":{"line":41,"column":7}},"loc":{"start":{"line":41,"column":57},"end":{"line":43,"column":3}}},"4":{"name":"(anonymous_8)","decl":{"start":{"line":47,"column":2},"end":{"line":47,"column":7}},"loc":{"start":{"line":47,"column":58},"end":{"line":49,"column":3}}}},"branchMap":{},"s":{"0":0,"1":0,"2":0,"3":0,"4":0,"5":0,"6":0,"7":0,"8":0,"9":0,"10":0,"11":0,"12":0,"13":0,"14":0,"15":0,"16":0,"17":0,"18":0,"19":0,"20":0},"f":{"0":0,"1":0,"2":0,"3":0,"4":0},"b":{}}
,"/home/yuri/Documentos/Desafios/transferrerring-balance/src/wallet/wallet.module.ts": {"path":"/home/yuri/Documentos/Desafios/transferrerring-balance/src/wallet/wallet.module.ts","statementMap":{"0":{"start":{"line":1,"column":0},"end":{"line":1,"column":40}},"1":{"start":{"line":2,"column":0},"end":{"line":2,"column":48}},"2":{"start":{"line":3,"column":0},"end":{"line":3,"column":49}},"3":{"start":{"line":4,"column":0},"end":{"line":4,"column":55}},"4":{"start":{"line":5,"column":0},"end":{"line":5,"column":51}},"5":{"start":{"line":6,"column":0},"end":{"line":6,"column":52}},"6":{"start":{"line":7,"column":0},"end":{"line":7,"column":44}},"7":{"start":{"line":14,"column":7},"end":{"line":14,"column":null}},"8":{"start":{"line":14,"column":13},"end":{"line":14,"column":25}},"9":{"start":{"line":14,"column":13},"end":{"line":14,"column":null}}},"fnMap":{},"branchMap":{},"s":{"0":0,"1":0,"2":0,"3":0,"4":0,"5":0,"6":0,"7":0,"8":0,"9":0},"f":{},"b":{}}
,"/home/yuri/Documentos/Desafios/transferrerring-balance/src/wallet/wallet.service.ts": {"path":"/home/yuri/Documentos/Desafios/transferrerring-balance/src/wallet/wallet.service.ts","statementMap":{"0":{"start":{"line":1,"column":0},"end":{"line":1,"column":104}},"1":{"start":{"line":2,"column":0},"end":{"line":2,"column":69}},"2":{"start":{"line":3,"column":0},"end":{"line":3,"column":49}},"3":{"start":{"line":4,"column":0},"end":{"line":4,"column":51}},"4":{"start":{"line":5,"column":0},"end":{"line":5,"column":44}},"5":{"start":{"line":8,"column":7},"end":{"line":118,"column":null}},"6":{"start":{"line":10,"column":52},"end":{"line":10,"column":60}},"7":{"start":{"line":11,"column":45},"end":{"line":11,"column":55}},"8":{"start":{"line":12,"column":41},"end":{"line":12,"column":53}},"9":{"start":{"line":16,"column":14},"end":{"line":16,"column":68}},"10":{"start":{"line":17,"column":4},"end":{"line":17,"column":66}},"11":{"start":{"line":17,"column":12},"end":{"line":17,"column":66}},"12":{"start":{"line":18,"column":4},"end":{"line":18,"column":99}},"13":{"start":{"line":18,"column":22},"end":{"line":18,"column":99}},"14":{"start":{"line":19,"column":4},"end":{"line":19,"column":13}},"15":{"start":{"line":23,"column":4},"end":{"line":23,"column":113}},"16":{"start":{"line":23,"column":33},"end":{"line":23,"column":113}},"17":{"start":{"line":24,"column":4},"end":{"line":24,"column":69}},"18":{"start":{"line":24,"column":21},"end":{"line":24,"column":69}},"19":{"start":{"line":25,"column":4},"end":{"line":25,"column":40}},"20":{"start":{"line":27,"column":4},"end":{"line":53,"column":7}},"21":{"start":{"line":28,"column":20},"end":{"line":28,"column":49}},"22":{"start":{"line":29,"column":18},"end":{"line":29,"column":62}},"23":{"start":{"line":29,"column":56},"end":{"line":29,"column":61}},"24":{"start":{"line":31,"column":17},"end":{"line":31,"column":126}},"25":{"start":{"line":32,"column":17},"end":{"line":32,"column":126}},"26":{"start":{"line":33,"column":6},"end":{"line":33,"column":91}},"27":{"start":{"line":33,"column":22},"end":{"line":33,"column":91}},"28":{"start":{"line":35,"column":19},"end":{"line":35,"column":51}},"29":{"start":{"line":36,"column":19},"end":{"line":36,"column":51}},"30":{"start":{"line":38,"column":26},"end":{"line":38,"column":46}},"31":{"start":{"line":39,"column":6},"end":{"line":39,"column":104}},"32":{"start":{"line":39,"column":32},"end":{"line":39,"column":104}},"33":{"start":{"line":41,"column":6},"end":{"line":41,"column":82}},"34":{"start":{"line":42,"column":6},"end":{"line":42,"column":89}},"35":{"start":{"line":44,"column":17},"end":{"line":51,"column":8}},"36":{"start":{"line":52,"column":6},"end":{"line":52,"column":59}},"37":{"start":{"line":57,"column":4},"end":{"line":57,"column":69}},"38":{"start":{"line":57,"column":21},"end":{"line":57,"column":69}},"39":{"start":{"line":58,"column":20},"end":{"line":58,"column":55}},"40":{"start":{"line":59,"column":4},"end":{"line":59,"column":69}},"41":{"start":{"line":63,"column":4},"end":{"line":63,"column":40}},"42":{"start":{"line":65,"column":21},"end":{"line":68,"column":6}},"43":{"start":{"line":69,"column":4},"end":{"line":69,"column":75}},"44":{"start":{"line":69,"column":19},"end":{"line":69,"column":75}},"45":{"start":{"line":70,"column":4},"end":{"line":70,"column":114}},"46":{"start":{"line":70,"column":38},"end":{"line":70,"column":114}},"47":{"start":{"line":71,"column":4},"end":{"line":71,"column":96}},"48":{"start":{"line":71,"column":40},"end":{"line":71,"column":96}},"49":{"start":{"line":73,"column":19},"end":{"line":73,"column":42}},"50":{"start":{"line":75,"column":4},"end":{"line":104,"column":7}},"51":{"start":{"line":76,"column":20},"end":{"line":76,"column":49}},"52":{"start":{"line":77,"column":21},"end":{"line":77,"column":43}},"53":{"start":{"line":78,"column":21},"end":{"line":78,"column":41}},"54":{"start":{"line":80,"column":18},"end":{"line":80,"column":54}},"55":{"start":{"line":80,"column":48},"end":{"line":80,"column":53}},"56":{"start":{"line":81,"column":17},"end":{"line":81,"column":126}},"57":{"start":{"line":82,"column":17},"end":{"line":82,"column":126}},"58":{"start":{"line":84,"column":19},"end":{"line":84,"column":50}},"59":{"start":{"line":85,"column":19},"end":{"line":85,"column":50}},"60":{"start":{"line":87,"column":24},"end":{"line":87,"column":42}},"61":{"start":{"line":88,"column":6},"end":{"line":88,"column":116}},"62":{"start":{"line":88,"column":30},"end":{"line":88,"column":116}},"63":{"start":{"line":90,"column":6},"end":{"line":90,"column":80}},"64":{"start":{"line":91,"column":6},"end":{"line":91,"column":91}},"65":{"start":{"line":93,"column":6},"end":{"line":93,"column":93}},"66":{"start":{"line":95,"column":18},"end":{"line":102,"column":8}},"67":{"start":{"line":103,"column":6},"end":{"line":103,"column":60}},"68":{"start":{"line":108,"column":4},"end":{"line":116,"column":7}},"69":{"start":{"line":8,"column":13},"end":{"line":8,"column":26}},"70":{"start":{"line":8,"column":13},"end":{"line":118,"column":null}}},"fnMap":{"0":{"name":"(anonymous_4)","decl":{"start":{"line":9,"column":2},"end":{"line":9,"column":null}},"loc":{"start":{"line":12,"column":63},"end":{"line":13,"column":6}}},"1":{"name":"(anonymous_5)","decl":{"start":{"line":15,"column":10},"end":{"line":15,"column":15}},"loc":{"start":{"line":15,"column":44},"end":{"line":20,"column":3}}},"2":{"name":"(anonymous_6)","decl":{"start":{"line":22,"column":2},"end":{"line":22,"column":7}},"loc":{"start":{"line":22,"column":88},"end":{"line":54,"column":3}}},"3":{"name":"(anonymous_7)","decl":{"start":{"line":27,"column":39},"end":{"line":27,"column":44}},"loc":{"start":{"line":27,"column":59},"end":{"line":53,"column":5}}},"4":{"name":"(anonymous_8)","decl":{"start":{"line":29,"column":46},"end":{"line":29,"column":47}},"loc":{"start":{"line":29,"column":56},"end":{"line":29,"column":61}}},"5":{"name":"(anonymous_9)","decl":{"start":{"line":56,"column":2},"end":{"line":56,"column":7}},"loc":{"start":{"line":56,"column":70},"end":{"line":60,"column":3}}},"6":{"name":"(anonymous_10)","decl":{"start":{"line":62,"column":2},"end":{"line":62,"column":7}},"loc":{"start":{"line":62,"column":56},"end":{"line":105,"column":3}}},"7":{"name":"(anonymous_11)","decl":{"start":{"line":75,"column":39},"end":{"line":75,"column":44}},"loc":{"start":{"line":75,"column":59},"end":{"line":104,"column":5}}},"8":{"name":"(anonymous_12)","decl":{"start":{"line":80,"column":38},"end":{"line":80,"column":39}},"loc":{"start":{"line":80,"column":48},"end":{"line":80,"column":53}}},"9":{"name":"(anonymous_13)","decl":{"start":{"line":107,"column":2},"end":{"line":107,"column":7}},"loc":{"start":{"line":107,"column":33},"end":{"line":117,"column":3}}}},"branchMap":{"0":{"loc":{"start":{"line":17,"column":4},"end":{"line":17,"column":66}},"type":"if","locations":[{"start":{"line":17,"column":4},"end":{"line":17,"column":66}}]},"1":{"loc":{"start":{"line":18,"column":4},"end":{"line":18,"column":99}},"type":"if","locations":[{"start":{"line":18,"column":4},"end":{"line":18,"column":99}}]},"2":{"loc":{"start":{"line":23,"column":4},"end":{"line":23,"column":113}},"type":"if","locations":[{"start":{"line":23,"column":4},"end":{"line":23,"column":113}}]},"3":{"loc":{"start":{"line":24,"column":4},"end":{"line":24,"column":69}},"type":"if","locations":[{"start":{"line":24,"column":4},"end":{"line":24,"column":69}}]},"4":{"loc":{"start":{"line":33,"column":6},"end":{"line":33,"column":91}},"type":"if","locations":[{"start":{"line":33,"column":6},"end":{"line":33,"column":91}}]},"5":{"loc":{"start":{"line":33,"column":10},"end":{"line":33,"column":20}},"type":"binary-expr","locations":[{"start":{"line":33,"column":10},"end":{"line":33,"column":13}},{"start":{"line":33,"column":17},"end":{"line":33,"column":20}}]},"6":{"loc":{"start":{"line":35,"column":19},"end":{"line":35,"column":51}},"type":"cond-expr","locations":[{"start":{"line":35,"column":44},"end":{"line":35,"column":46}},{"start":{"line":35,"column":49},"end":{"line":35,"column":51}}]},"7":{"loc":{"start":{"line":36,"column":19},"end":{"line":36,"column":51}},"type":"cond-expr","locations":[{"start":{"line":36,"column":44},"end":{"line":36,"column":46}},{"start":{"line":36,"column":49},"end":{"line":36,"column":51}}]},"8":{"loc":{"start":{"line":39,"column":6},"end":{"line":39,"column":104}},"type":"if","locations":[{"start":{"line":39,"column":6},"end":{"line":39,"column":104}}]},"9":{"loc":{"start":{"line":57,"column":4},"end":{"line":57,"column":69}},"type":"if","locations":[{"start":{"line":57,"column":4},"end":{"line":57,"column":69}}]},"10":{"loc":{"start":{"line":69,"column":4},"end":{"line":69,"column":75}},"type":"if","locations":[{"start":{"line":69,"column":4},"end":{"line":69,"column":75}}]},"11":{"loc":{"start":{"line":70,"column":4},"end":{"line":70,"column":114}},"type":"if","locations":[{"start":{"line":70,"column":4},"end":{"line":70,"column":114}}]},"12":{"loc":{"start":{"line":71,"column":4},"end":{"line":71,"column":96}},"type":"if","locations":[{"start":{"line":71,"column":4},"end":{"line":71,"column":96}}]},"13":{"loc":{"start":{"line":84,"column":19},"end":{"line":84,"column":50}},"type":"cond-expr","locations":[{"start":{"line":84,"column":41},"end":{"line":84,"column":44}},{"start":{"line":84,"column":47},"end":{"line":84,"column":50}}]},"14":{"loc":{"start":{"line":85,"column":19},"end":{"line":85,"column":50}},"type":"cond-expr","locations":[{"start":{"line":85,"column":41},"end":{"line":85,"column":44}},{"start":{"line":85,"column":47},"end":{"line":85,"column":50}}]},"15":{"loc":{"start":{"line":88,"column":6},"end":{"line":88,"column":116}},"type":"if","locations":[{"start":{"line":88,"column":6},"end":{"line":88,"column":116}}]}},"s":{"0":0,"1":0,"2":0,"3":0,"4":0,"5":0,"6":0,"7":0,"8":0,"9":0,"10":0,"11":0,"12":0,"13":0,"14":0,"15":0,"16":0,"17":0,"18":0,"19":0,"20":0,"21":0,"22":0,"23":0,"24":0,"25":0,"26":0,"27":0,"28":0,"29":0,"30":0,"31":0,"32":0,"33":0,"34":0,"35":0,"36":0,"37":0,"38":0,"39":0,"40":0,"41":0,"42":0,"43":0,"44":0,"45":0,"46":0,"47":0,"48":0,"49":0,"50":0,"51":0,"52":0,"53":0,"54":0,"55":0,"56":0,"57":0,"58":0,"59":0,"60":0,"61":0,"62":0,"63":0,"64":0,"65":0,"66":0,"67":0,"68":0,"69":0,"70":0},"f":{"0":0,"1":0,"2":0,"3":0,"4":0,"5":0,"6":0,"7":0,"8":0,"9":0},"b":{"0":[0],"1":[0],"2":[0],"3":[0],"4":[0],"5":[0,0],"6":[0,0],"7":[0,0],"8":[0],"9":[0],"10":[0],"11":[0],"12":[0],"13":[0,0],"14":[0,0],"15":[0]}}
,"/home/yuri/Documentos/Desafios/transferrerring-balance/src/wallet/dto/reversal.dto.ts": {"path":"/home/yuri/Documentos/Desafios/transferrerring-balance/src/wallet/dto/reversal.dto.ts","statementMap":{"0":{"start":{"line":1,"column":0},"end":{"line":1,"column":46}},"1":{"start":{"line":2,"column":0},"end":{"line":2,"column":45}},"2":{"start":{"line":4,"column":0},"end":{"line":4,"column":13}},"3":{"start":{"line":8,"column":2},"end":{"line":8,"column":null}}},"fnMap":{},"branchMap":{},"s":{"0":0,"1":0,"2":0,"3":0},"f":{},"b":{}}
,"/home/yuri/Documentos/Desafios/transferrerring-balance/src/wallet/dto/transfer.dto.ts": {"path":"/home/yuri/Documentos/Desafios/transferrerring-balance/src/wallet/dto/transfer.dto.ts","statementMap":{"0":{"start":{"line":1,"column":0},"end":{"line":1,"column":46}},"1":{"start":{"line":2,"column":0},"end":{"line":2,"column":67}},"2":{"start":{"line":4,"column":0},"end":{"line":4,"column":13}},"3":{"start":{"line":8,"column":2},"end":{"line":8,"column":null}},"4":{"start":{"line":13,"column":2},"end":{"line":13,"column":null}},"5":{"start":{"line":18,"column":2},"end":{"line":18,"column":null}}},"fnMap":{},"branchMap":{},"s":{"0":0,"1":0,"2":0,"3":0,"4":0,"5":0},"f":{},"b":{}}
,"/home/yuri/Documentos/Desafios/transferrerring-balance/src/wallet/dto/withdraw.dto.ts": {"path":"/home/yuri/Documentos/Desafios/transferrerring-balance/src/wallet/dto/withdraw.dto.ts","statementMap":{"0":{"start":{"line":1,"column":0},"end":{"line":1,"column":46}},"1":{"start":{"line":2,"column":0},"end":{"line":2,"column":67}},"2":{"start":{"line":4,"column":0},"end":{"line":4,"column":13}},"3":{"start":{"line":8,"column":2},"end":{"line":8,"column":null}},"4":{"start":{"line":13,"column":2},"end":{"line":13,"column":null}}},"fnMap":{},"branchMap":{},"s":{"0":0,"1":0,"2":0,"3":0,"4":0},"f":{},"b":{}}
}
