TN:
SF:src/app.controller.ts
FN:6,(anonymous_2)
FN:9,(anonymous_3)
FNF:2
FNH:2
FNDA:1,(anonymous_2)
FNDA:1,(anonymous_3)
DA:1,1
DA:2,1
DA:5,1
DA:6,1
DA:9,1
DA:10,1
LF:6
LH:6
BRF:0
BRH:0
end_of_record
TN:
SF:src/app.module.ts
FNF:0
FNH:0
DA:1,0
DA:2,0
DA:3,0
DA:4,0
DA:5,0
DA:6,0
DA:7,0
DA:8,0
DA:9,0
DA:21,0
LF:10
LH:0
BRF:0
BRH:0
end_of_record
TN:
SF:src/app.service.ts
FN:5,(anonymous_1)
FNF:1
FNH:1
FNDA:1,(anonymous_1)
DA:1,1
DA:4,1
DA:6,1
LF:3
LH:3
BRF:0
BRH:0
end_of_record
TN:
SF:src/auth/auth.controller.ts
FN:9,(anonymous_4)
FN:13,(anonymous_5)
FNF:2
FNH:0
FNDA:0,(anonymous_4)
FNDA:0,(anonymous_5)
DA:1,0
DA:2,0
DA:3,0
DA:4,0
DA:8,0
DA:9,0
DA:13,0
DA:14,0
DA:15,0
LF:9
LH:0
BRF:0
BRH:0
end_of_record
TN:
SF:src/auth/auth.module.ts
FNF:0
FNH:0
DA:1,0
DA:2,0
DA:3,0
DA:4,0
DA:5,0
DA:6,0
DA:7,0
DA:18,0
LF:8
LH:0
BRF:0
BRH:0
end_of_record
TN:
SF:src/auth/auth.service.ts
FN:9,(anonymous_2)
FN:14,(anonymous_3)
FN:24,(anonymous_4)
FNF:3
FNH:0
FNDA:0,(anonymous_2)
FNDA:0,(anonymous_3)
FNDA:0,(anonymous_4)
DA:1,0
DA:2,0
DA:3,0
DA:4,0
DA:8,0
DA:10,0
DA:11,0
DA:15,0
DA:16,0
DA:18,0
DA:19,0
DA:21,0
DA:25,0
DA:26,0
LF:14
LH:0
BRDA:16,0,0,0
BRDA:19,1,0,0
BRDA:28,2,0,0
BRDA:28,2,1,0
BRDA:29,3,0,0
BRDA:29,3,1,0
BRF:6
BRH:0
end_of_record
TN:
SF:src/auth/jwt.strategy.ts
FN:7,(anonymous_2)
FN:15,(anonymous_3)
FNF:2
FNH:0
FNDA:0,(anonymous_2)
FNDA:0,(anonymous_3)
DA:1,0
DA:2,0
DA:3,0
DA:6,0
DA:8,0
DA:16,0
LF:6
LH:0
BRDA:9,0,0,0
BRDA:9,0,1,0
BRF:2
BRH:0
end_of_record
TN:
SF:src/auth/dto/login.dto.ts
FNF:0
FNH:0
DA:1,0
DA:2,0
DA:4,0
DA:7,0
DA:12,0
LF:5
LH:0
BRF:0
BRH:0
end_of_record
TN:
SF:src/common/filters/all-exceptions.filter.ts
FN:5,(anonymous_1)
FN:8,(anonymous_2)
FNF:2
FNH:0
FNDA:0,(anonymous_1)
FNDA:0,(anonymous_2)
DA:1,0
DA:5,0
DA:6,0
DA:9,0
DA:10,0
DA:11,0
DA:14,0
DA:19,0
DA:23,0
DA:27,0
LF:10
LH:0
BRDA:14,0,0,0
BRDA:14,0,1,0
BRDA:19,1,0,0
BRDA:19,1,1,0
BRF:4
BRH:0
end_of_record
TN:
SF:src/common/interceptors/http-logging.interceptor.ts
FN:5,(anonymous_1)
FN:8,(anonymous_2)
FN:12,(anonymous_3)
FNF:3
FNH:0
FNDA:0,(anonymous_1)
FNDA:0,(anonymous_2)
FNDA:0,(anonymous_3)
DA:1,0
DA:2,0
DA:5,0
DA:6,0
DA:9,0
DA:10,0
DA:11,0
DA:13,0
DA:14,0
LF:9
LH:0
BRF:0
BRH:0
end_of_record
TN:
SF:src/config/typeorm.config.ts
FN:5,(anonymous_0)
FNF:1
FNH:0
FNDA:0,(anonymous_0)
DA:2,0
DA:3,0
DA:5,0
LF:3
LH:0
BRDA:7,0,0,0
BRDA:7,0,1,0
BRDA:8,1,0,0
BRDA:8,1,1,0
BRDA:9,2,0,0
BRDA:9,2,1,0
BRDA:10,3,0,0
BRDA:10,3,1,0
BRDA:11,4,0,0
BRDA:11,4,1,0
BRF:10
BRH:0
end_of_record
TN:
SF:src/health/health.controller.ts
FN:6,(anonymous_2)
FNF:1
FNH:0
FNDA:0,(anonymous_2)
DA:1,0
DA:4,0
DA:6,0
DA:7,0
LF:4
LH:0
BRF:0
BRH:0
end_of_record
TN:
SF:src/metrics/metrics.controller.ts
FN:10,(anonymous_2)
FNF:1
FNH:0
FNDA:0,(anonymous_2)
DA:1,0
DA:2,0
DA:4,0
DA:7,0
DA:10,0
DA:11,0
LF:6
LH:0
BRF:0
BRH:0
end_of_record
TN:
SF:src/users/user.entity.ts
FN:25,(anonymous_2)
FN:25,(anonymous_3)
FN:28,(anonymous_4)
FN:28,(anonymous_5)
FNF:4
FNH:0
FNDA:0,(anonymous_2)
FNDA:0,(anonymous_3)
FNDA:0,(anonymous_4)
FNDA:0,(anonymous_5)
DA:1,1
DA:2,1
DA:6,1
DA:8,1
DA:11,1
DA:14,1
DA:17,1
DA:20,1
DA:23,1
DA:25,0
DA:26,1
DA:28,0
DA:29,1
DA:32,1
DA:35,1
LF:15
LH:13
BRF:0
BRH:0
end_of_record
TN:
SF:src/users/users.controller.ts
FN:10,(anonymous_4)
FN:14,(anonymous_5)
FN:23,(anonymous_6)
FNF:3
FNH:0
FNDA:0,(anonymous_4)
FNDA:0,(anonymous_5)
FNDA:0,(anonymous_6)
DA:1,0
DA:2,0
DA:3,0
DA:4,0
DA:5,0
DA:9,0
DA:10,0
DA:14,0
DA:15,0
DA:17,0
DA:18,0
DA:23,0
DA:24,0
LF:13
LH:0
BRF:0
BRH:0
end_of_record
TN:
SF:src/users/users.module.ts
FNF:0
FNH:0
DA:1,0
DA:2,0
DA:3,0
DA:4,0
DA:5,0
DA:13,0
LF:6
LH:0
BRF:0
BRH:0
end_of_record
TN:
SF:src/users/users.service.ts
FN:10,(anonymous_4)
FN:12,(anonymous_5)
FN:34,(anonymous_6)
FN:42,(anonymous_7)
FN:48,(anonymous_8)
FNF:5
FNH:2
FNDA:1,(anonymous_4)
FNDA:1,(anonymous_5)
FNDA:0,(anonymous_6)
FNDA:0,(anonymous_7)
FNDA:0,(anonymous_8)
DA:1,1
DA:2,1
DA:3,1
DA:4,1
DA:6,1
DA:9,1
DA:10,1
DA:13,1
DA:14,1
DA:16,0
DA:17,0
DA:18,0
DA:19,0
DA:23,0
DA:24,0
DA:31,0
DA:35,0
DA:43,0
DA:44,0
DA:45,0
DA:49,0
LF:21
LH:9
BRDA:14,0,0,1
BRDA:16,1,0,0
BRDA:18,2,0,0
BRDA:28,3,0,0
BRDA:28,3,1,0
BRDA:44,4,0,0
BRF:6
BRH:1
end_of_record
TN:
SF:src/users/dto/create-user.dto.ts
FNF:0
FNH:0
DA:1,0
DA:2,0
DA:4,0
DA:8,0
DA:12,0
DA:17,0
DA:21,0
DA:30,0
LF:8
LH:0
BRF:0
BRH:0
end_of_record
TN:
SF:src/wallet/transaction.entity.ts
FN:21,(anonymous_2)
FN:21,(anonymous_3)
FN:25,(anonymous_4)
FN:25,(anonymous_5)
FNF:4
FNH:0
FNDA:0,(anonymous_2)
FNDA:0,(anonymous_3)
FNDA:0,(anonymous_4)
FNDA:0,(anonymous_5)
DA:1,1
DA:11,1
DA:17,1
DA:19,1
DA:21,0
DA:23,1
DA:25,0
DA:27,1
DA:30,1
DA:34,1
DA:38,1
DA:41,1
DA:44,1
DA:47,1
LF:14
LH:12
BRF:0
BRH:0
end_of_record
TN:
SF:src/wallet/wallet.controller.ts
FN:14,(anonymous_4)
FN:21,(anonymous_5)
FN:31,(anonymous_6)
FN:41,(anonymous_7)
FN:47,(anonymous_8)
FNF:5
FNH:0
FNDA:0,(anonymous_4)
FNDA:0,(anonymous_5)
FNDA:0,(anonymous_6)
FNDA:0,(anonymous_7)
FNDA:0,(anonymous_8)
DA:1,0
DA:2,0
DA:3,0
DA:4,0
DA:5,0
DA:6,0
DA:7,0
DA:13,0
DA:14,0
DA:21,0
DA:22,0
DA:23,0
DA:31,0
DA:32,0
DA:33,0
DA:41,0
DA:42,0
DA:47,0
DA:48,0
LF:19
LH:0
BRF:0
BRH:0
end_of_record
TN:
SF:src/wallet/wallet.module.ts
FNF:0
FNH:0
DA:1,0
DA:2,0
DA:3,0
DA:4,0
DA:5,0
DA:6,0
DA:7,0
DA:14,0
LF:8
LH:0
BRF:0
BRH:0
end_of_record
TN:
SF:src/wallet/wallet.service.ts
FN:9,(anonymous_4)
FN:15,(anonymous_5)
FN:22,(anonymous_6)
FN:27,(anonymous_7)
FN:29,(anonymous_8)
FN:56,(anonymous_9)
FN:62,(anonymous_10)
FN:75,(anonymous_11)
FN:80,(anonymous_12)
FN:107,(anonymous_13)
FNF:10
FNH:0
FNDA:0,(anonymous_4)
FNDA:0,(anonymous_5)
FNDA:0,(anonymous_6)
FNDA:0,(anonymous_7)
FNDA:0,(anonymous_8)
FNDA:0,(anonymous_9)
FNDA:0,(anonymous_10)
FNDA:0,(anonymous_11)
FNDA:0,(anonymous_12)
FNDA:0,(anonymous_13)
DA:1,0
DA:2,0
DA:3,0
DA:4,0
DA:5,0
DA:8,0
DA:10,0
DA:11,0
DA:12,0
DA:16,0
DA:17,0
DA:18,0
DA:19,0
DA:23,0
DA:24,0
DA:25,0
DA:27,0
DA:28,0
DA:29,0
DA:31,0
DA:32,0
DA:33,0
DA:35,0
DA:36,0
DA:38,0
DA:39,0
DA:41,0
DA:42,0
DA:44,0
DA:52,0
DA:57,0
DA:58,0
DA:59,0
DA:63,0
DA:65,0
DA:69,0
DA:70,0
DA:71,0
DA:73,0
DA:75,0
DA:76,0
DA:77,0
DA:78,0
DA:80,0
DA:81,0
DA:82,0
DA:84,0
DA:85,0
DA:87,0
DA:88,0
DA:90,0
DA:91,0
DA:93,0
DA:95,0
DA:103,0
DA:108,0
LF:56
LH:0
BRDA:17,0,0,0
BRDA:18,1,0,0
BRDA:23,2,0,0
BRDA:24,3,0,0
BRDA:33,4,0,0
BRDA:33,5,0,0
BRDA:33,5,1,0
BRDA:35,6,0,0
BRDA:35,6,1,0
BRDA:36,7,0,0
BRDA:36,7,1,0
BRDA:39,8,0,0
BRDA:57,9,0,0
BRDA:69,10,0,0
BRDA:70,11,0,0
BRDA:71,12,0,0
BRDA:84,13,0,0
BRDA:84,13,1,0
BRDA:85,14,0,0
BRDA:85,14,1,0
BRDA:88,15,0,0
BRF:21
BRH:0
end_of_record
TN:
SF:src/wallet/dto/reversal.dto.ts
FNF:0
FNH:0
DA:1,0
DA:2,0
DA:4,0
DA:8,0
LF:4
LH:0
BRF:0
BRH:0
end_of_record
TN:
SF:src/wallet/dto/transfer.dto.ts
FNF:0
FNH:0
DA:1,0
DA:2,0
DA:4,0
DA:8,0
DA:13,0
DA:18,0
LF:6
LH:0
BRF:0
BRH:0
end_of_record
TN:
SF:src/wallet/dto/withdraw.dto.ts
FNF:0
FNH:0
DA:1,0
DA:2,0
DA:4,0
DA:8,0
DA:13,0
LF:5
LH:0
BRF:0
BRH:0
end_of_record
